<?xml version="1.0" encoding="UTF-8"?>
<testng-results ignored="0" total="1" passed="1" failed="0" skipped="0">
  <reporter-output>
  </reporter-output>
  <suite started-at="2024-09-08T23:13:15 EEST" name="Default suite" finished-at="2024-09-08T23:13:18 EEST" duration-ms="3006">
    <groups>
    </groups>
    <test started-at="2024-09-08T23:13:15 EEST" name="Default test" finished-at="2024-09-08T23:13:18 EEST" duration-ms="3006">
      <class name="Rest_Task.postMethod">
        <test-method is-config="true" signature="setup()[pri:0, instance:Rest_Task.postMethod@550dbc7a]" started-at="2024-09-08T23:13:15 EEST" name="setup" finished-at="2024-09-08T23:13:16 EEST" duration-ms="386" status="PASS">
          <reporter-output>
          </reporter-output>
        </test-method> <!-- setup -->
        <test-method signature="submitOrder()[pri:0, instance:Rest_Task.postMethod@550dbc7a]" started-at="2024-09-08T23:13:16 EEST" name="submitOrder" finished-at="2024-09-08T23:13:18 EEST" duration-ms="2591" status="PASS">
          <reporter-output>
          </reporter-output>
        </test-method> <!-- submitOrder -->
      </class> <!-- Rest_Task.postMethod -->
    </test> <!-- Default test -->
  </suite> <!-- Default suite -->
</testng-results>
